<?xml version="1.0" encoding="UTF-8"?>
<testsuite xmlns:xsi="http://www.w3.org/2001/XMLSchema-instance" xsi:noNamespaceSchemaLocation="https://maven.apache.org/surefire/maven-surefire-plugin/xsd/surefire-test-report-3.0.xsd" version="3.0" name="runners.RunnerTest" time="79.791" tests="10" errors="0" skipped="0" failures="0">
  <properties>
    <property name="sun.desktop" value="windows"/>
    <property name="awt.toolkit" value="sun.awt.windows.WToolkit"/>
    <property name="java.specification.version" value="11"/>
    <property name="webdriver.chrome.driver" value="C:\Users\OWNER\.cache\selenium\chromedriver\win32\93.0.4577.63\chromedriver.exe"/>
    <property name="sun.cpu.isalist" value="amd64"/>
    <property name="sun.jnu.encoding" value="Cp1252"/>
    <property name="java.class.path" value="D:\Xfinity_Automation_Assignment\target\test-classes;D:\Xfinity_Automation_Assignment\target\classes;C:\Users\OWNER\.m2\repository\org\seleniumhq\selenium\selenium-java\3.141.59\selenium-java-3.141.59.jar;C:\Users\OWNER\.m2\repository\org\seleniumhq\selenium\selenium-api\3.141.59\selenium-api-3.141.59.jar;C:\Users\OWNER\.m2\repository\org\seleniumhq\selenium\selenium-chrome-driver\3.141.59\selenium-chrome-driver-3.141.59.jar;C:\Users\OWNER\.m2\repository\org\seleniumhq\selenium\selenium-edge-driver\3.141.59\selenium-edge-driver-3.141.59.jar;C:\Users\OWNER\.m2\repository\org\seleniumhq\selenium\selenium-firefox-driver\3.141.59\selenium-firefox-driver-3.141.59.jar;C:\Users\OWNER\.m2\repository\org\seleniumhq\selenium\selenium-ie-driver\3.141.59\selenium-ie-driver-3.141.59.jar;C:\Users\OWNER\.m2\repository\org\seleniumhq\selenium\selenium-opera-driver\3.141.59\selenium-opera-driver-3.141.59.jar;C:\Users\OWNER\.m2\repository\org\seleniumhq\selenium\selenium-remote-driver\3.141.59\selenium-remote-driver-3.141.59.jar;C:\Users\OWNER\.m2\repository\org\seleniumhq\selenium\selenium-safari-driver\3.141.59\selenium-safari-driver-3.141.59.jar;C:\Users\OWNER\.m2\repository\org\seleniumhq\selenium\selenium-support\3.141.59\selenium-support-3.141.59.jar;C:\Users\OWNER\.m2\repository\net\bytebuddy\byte-buddy\1.8.15\byte-buddy-1.8.15.jar;C:\Users\OWNER\.m2\repository\org\apache\commons\commons-exec\1.3\commons-exec-1.3.jar;C:\Users\OWNER\.m2\repository\com\google\guava\guava\25.0-jre\guava-25.0-jre.jar;C:\Users\OWNER\.m2\repository\com\google\code\findbugs\jsr305\1.3.9\jsr305-1.3.9.jar;C:\Users\OWNER\.m2\repository\org\checkerframework\checker-compat-qual\2.0.0\checker-compat-qual-2.0.0.jar;C:\Users\OWNER\.m2\repository\com\google\errorprone\error_prone_annotations\2.1.3\error_prone_annotations-2.1.3.jar;C:\Users\OWNER\.m2\repository\com\google\j2objc\j2objc-annotations\1.1\j2objc-annotations-1.1.jar;C:\Users\OWNER\.m2\repository\org\codehaus\mojo\animal-sniffer-annotations\1.14\animal-sniffer-annotations-1.14.jar;C:\Users\OWNER\.m2\repository\com\squareup\okhttp3\okhttp\3.11.0\okhttp-3.11.0.jar;C:\Users\OWNER\.m2\repository\com\squareup\okio\okio\1.14.0\okio-1.14.0.jar;C:\Users\OWNER\.m2\repository\io\cucumber\cucumber-java\6.11.0\cucumber-java-6.11.0.jar;C:\Users\OWNER\.m2\repository\io\cucumber\cucumber-core\6.11.0\cucumber-core-6.11.0.jar;C:\Users\OWNER\.m2\repository\io\cucumber\cucumber-gherkin\6.11.0\cucumber-gherkin-6.11.0.jar;C:\Users\OWNER\.m2\repository\io\cucumber\cucumber-gherkin-messages\6.11.0\cucumber-gherkin-messages-6.11.0.jar;C:\Users\OWNER\.m2\repository\io\cucumber\messages\15.0.0\messages-15.0.0.jar;C:\Users\OWNER\.m2\repository\io\cucumber\tag-expressions\3.0.1\tag-expressions-3.0.1.jar;C:\Users\OWNER\.m2\repository\io\cucumber\cucumber-expressions\10.3.0\cucumber-expressions-10.3.0.jar;C:\Users\OWNER\.m2\repository\io\cucumber\datatable\3.5.0\datatable-3.5.0.jar;C:\Users\OWNER\.m2\repository\io\cucumber\cucumber-plugin\6.11.0\cucumber-plugin-6.11.0.jar;C:\Users\OWNER\.m2\repository\io\cucumber\docstring\6.11.0\docstring-6.11.0.jar;C:\Users\OWNER\.m2\repository\io\cucumber\html-formatter\13.0.0\html-formatter-13.0.0.jar;C:\Users\OWNER\.m2\repository\io\cucumber\create-meta\4.0.0\create-meta-4.0.0.jar;C:\Users\OWNER\.m2\repository\org\apiguardian\apiguardian-api\1.1.2\apiguardian-api-1.1.2.jar;C:\Users\OWNER\.m2\repository\io\cucumber\cucumber-junit\6.11.0\cucumber-junit-6.11.0.jar;C:\Users\OWNER\.m2\repository\junit\junit\4.13.2\junit-4.13.2.jar;C:\Users\OWNER\.m2\repository\org\hamcrest\hamcrest-core\1.3\hamcrest-core-1.3.jar;C:\Users\OWNER\.m2\repository\org\junit\jupiter\junit-jupiter-api\5.7.2\junit-jupiter-api-5.7.2.jar;C:\Users\OWNER\.m2\repository\org\opentest4j\opentest4j\1.2.0\opentest4j-1.2.0.jar;C:\Users\OWNER\.m2\repository\org\junit\platform\junit-platform-commons\1.7.2\junit-platform-commons-1.7.2.jar;C:\Users\OWNER\.m2\repository\io\github\bonigarcia\webdrivermanager\4.4.3\webdrivermanager-4.4.3.jar;C:\Users\OWNER\.m2\repository\org\slf4j\slf4j-api\1.7.30\slf4j-api-1.7.30.jar;C:\Users\OWNER\.m2\repository\commons-io\commons-io\2.8.0\commons-io-2.8.0.jar;C:\Users\OWNER\.m2\repository\com\google\code\gson\gson\2.8.6\gson-2.8.6.jar;C:\Users\OWNER\.m2\repository\org\apache\commons\commons-lang3\3.12.0\commons-lang3-3.12.0.jar;C:\Users\OWNER\.m2\repository\org\apache\httpcomponents\client5\httpclient5\5.0.3\httpclient5-5.0.3.jar;C:\Users\OWNER\.m2\repository\org\apache\httpcomponents\core5\httpcore5\5.0.2\httpcore5-5.0.2.jar;C:\Users\OWNER\.m2\repository\org\apache\httpcomponents\core5\httpcore5-h2\5.0.2\httpcore5-h2-5.0.2.jar;C:\Users\OWNER\.m2\repository\commons-codec\commons-codec\1.13\commons-codec-1.13.jar;C:\Users\OWNER\.m2\repository\org\rauschig\jarchivelib\1.1.0\jarchivelib-1.1.0.jar;C:\Users\OWNER\.m2\repository\org\apache\commons\commons-compress\1.20\commons-compress-1.20.jar;C:\Users\OWNER\.m2\repository\org\jsoup\jsoup\1.13.1\jsoup-1.13.1.jar;C:\Users\OWNER\.m2\repository\org\apache\logging\log4j\log4j-api\2.14.1\log4j-api-2.14.1.jar;C:\Users\OWNER\.m2\repository\org\apache\logging\log4j\log4j-core\2.14.1\log4j-core-2.14.1.jar;C:\Users\OWNER\.m2\repository\net\masterthought\cucumber-reporting\5.5.4\cucumber-reporting-5.5.4.jar;C:\Users\OWNER\.m2\repository\com\fasterxml\jackson\core\jackson-databind\2.12.1\jackson-databind-2.12.1.jar;C:\Users\OWNER\.m2\repository\com\fasterxml\jackson\core\jackson-annotations\2.12.1\jackson-annotations-2.12.1.jar;C:\Users\OWNER\.m2\repository\com\fasterxml\jackson\core\jackson-core\2.12.1\jackson-core-2.12.1.jar;C:\Users\OWNER\.m2\repository\com\fasterxml\jackson\datatype\jackson-datatype-jsr310\2.12.1\jackson-datatype-jsr310-2.12.1.jar;C:\Users\OWNER\.m2\repository\org\apache\velocity\velocity-engine-core\2.3\velocity-engine-core-2.3.jar;C:\Users\OWNER\.m2\repository\commons-collections\commons-collections\3.2.2\commons-collections-3.2.2.jar;C:\Users\OWNER\.m2\repository\joda-time\joda-time\2.10.10\joda-time-2.10.10.jar;C:\Users\OWNER\.m2\repository\org\codehaus\plexus\plexus-utils\3.3.0\plexus-utils-3.3.0.jar;C:\Users\OWNER\.m2\repository\com\googlecode\owasp-java-html-sanitizer\owasp-java-html-sanitizer\20200713.1\owasp-java-html-sanitizer-20200713.1.jar;C:\Users\OWNER\.m2\repository\commons-configuration\commons-configuration\1.10\commons-configuration-1.10.jar;C:\Users\OWNER\.m2\repository\commons-lang\commons-lang\2.6\commons-lang-2.6.jar;C:\Users\OWNER\.m2\repository\commons-logging\commons-logging\1.1.1\commons-logging-1.1.1.jar;"/>
    <property name="java.vm.vendor" value="Oracle Corporation"/>
    <property name="sun.arch.data.model" value="64"/>
    <property name="user.variant" value=""/>
    <property name="java.vendor.url" value="https://openjdk.java.net/"/>
    <property name="user.timezone" value="America/New_York"/>
    <property name="java.vm.specification.version" value="11"/>
    <property name="os.name" value="Windows 10"/>
    <property name="sun.java.launcher" value="SUN_STANDARD"/>
    <property name="user.country" value="US"/>
    <property name="sun.boot.library.path" value="C:\Program Files\Java\jdk-11.0.11\bin"/>
    <property name="sun.java.command" value="C:\Users\OWNER\AppData\Local\Temp\surefire13374435520517917626\surefirebooter15661533905560889241.jar C:\Users\OWNER\AppData\Local\Temp\surefire13374435520517917626 2021-09-19T00-47-32_548-jvmRun1 surefire15324216307622156247tmp surefire_016246184075015361835tmp"/>
    <property name="jdk.debug" value="release"/>
    <property name="surefire.test.class.path" value="D:\Xfinity_Automation_Assignment\target\test-classes;D:\Xfinity_Automation_Assignment\target\classes;C:\Users\OWNER\.m2\repository\org\seleniumhq\selenium\selenium-java\3.141.59\selenium-java-3.141.59.jar;C:\Users\OWNER\.m2\repository\org\seleniumhq\selenium\selenium-api\3.141.59\selenium-api-3.141.59.jar;C:\Users\OWNER\.m2\repository\org\seleniumhq\selenium\selenium-chrome-driver\3.141.59\selenium-chrome-driver-3.141.59.jar;C:\Users\OWNER\.m2\repository\org\seleniumhq\selenium\selenium-edge-driver\3.141.59\selenium-edge-driver-3.141.59.jar;C:\Users\OWNER\.m2\repository\org\seleniumhq\selenium\selenium-firefox-driver\3.141.59\selenium-firefox-driver-3.141.59.jar;C:\Users\OWNER\.m2\repository\org\seleniumhq\selenium\selenium-ie-driver\3.141.59\selenium-ie-driver-3.141.59.jar;C:\Users\OWNER\.m2\repository\org\seleniumhq\selenium\selenium-opera-driver\3.141.59\selenium-opera-driver-3.141.59.jar;C:\Users\OWNER\.m2\repository\org\seleniumhq\selenium\selenium-remote-driver\3.141.59\selenium-remote-driver-3.141.59.jar;C:\Users\OWNER\.m2\repository\org\seleniumhq\selenium\selenium-safari-driver\3.141.59\selenium-safari-driver-3.141.59.jar;C:\Users\OWNER\.m2\repository\org\seleniumhq\selenium\selenium-support\3.141.59\selenium-support-3.141.59.jar;C:\Users\OWNER\.m2\repository\net\bytebuddy\byte-buddy\1.8.15\byte-buddy-1.8.15.jar;C:\Users\OWNER\.m2\repository\org\apache\commons\commons-exec\1.3\commons-exec-1.3.jar;C:\Users\OWNER\.m2\repository\com\google\guava\guava\25.0-jre\guava-25.0-jre.jar;C:\Users\OWNER\.m2\repository\com\google\code\findbugs\jsr305\1.3.9\jsr305-1.3.9.jar;C:\Users\OWNER\.m2\repository\org\checkerframework\checker-compat-qual\2.0.0\checker-compat-qual-2.0.0.jar;C:\Users\OWNER\.m2\repository\com\google\errorprone\error_prone_annotations\2.1.3\error_prone_annotations-2.1.3.jar;C:\Users\OWNER\.m2\repository\com\google\j2objc\j2objc-annotations\1.1\j2objc-annotations-1.1.jar;C:\Users\OWNER\.m2\repository\org\codehaus\mojo\animal-sniffer-annotations\1.14\animal-sniffer-annotations-1.14.jar;C:\Users\OWNER\.m2\repository\com\squareup\okhttp3\okhttp\3.11.0\okhttp-3.11.0.jar;C:\Users\OWNER\.m2\repository\com\squareup\okio\okio\1.14.0\okio-1.14.0.jar;C:\Users\OWNER\.m2\repository\io\cucumber\cucumber-java\6.11.0\cucumber-java-6.11.0.jar;C:\Users\OWNER\.m2\repository\io\cucumber\cucumber-core\6.11.0\cucumber-core-6.11.0.jar;C:\Users\OWNER\.m2\repository\io\cucumber\cucumber-gherkin\6.11.0\cucumber-gherkin-6.11.0.jar;C:\Users\OWNER\.m2\repository\io\cucumber\cucumber-gherkin-messages\6.11.0\cucumber-gherkin-messages-6.11.0.jar;C:\Users\OWNER\.m2\repository\io\cucumber\messages\15.0.0\messages-15.0.0.jar;C:\Users\OWNER\.m2\repository\io\cucumber\tag-expressions\3.0.1\tag-expressions-3.0.1.jar;C:\Users\OWNER\.m2\repository\io\cucumber\cucumber-expressions\10.3.0\cucumber-expressions-10.3.0.jar;C:\Users\OWNER\.m2\repository\io\cucumber\datatable\3.5.0\datatable-3.5.0.jar;C:\Users\OWNER\.m2\repository\io\cucumber\cucumber-plugin\6.11.0\cucumber-plugin-6.11.0.jar;C:\Users\OWNER\.m2\repository\io\cucumber\docstring\6.11.0\docstring-6.11.0.jar;C:\Users\OWNER\.m2\repository\io\cucumber\html-formatter\13.0.0\html-formatter-13.0.0.jar;C:\Users\OWNER\.m2\repository\io\cucumber\create-meta\4.0.0\create-meta-4.0.0.jar;C:\Users\OWNER\.m2\repository\org\apiguardian\apiguardian-api\1.1.2\apiguardian-api-1.1.2.jar;C:\Users\OWNER\.m2\repository\io\cucumber\cucumber-junit\6.11.0\cucumber-junit-6.11.0.jar;C:\Users\OWNER\.m2\repository\junit\junit\4.13.2\junit-4.13.2.jar;C:\Users\OWNER\.m2\repository\org\hamcrest\hamcrest-core\1.3\hamcrest-core-1.3.jar;C:\Users\OWNER\.m2\repository\org\junit\jupiter\junit-jupiter-api\5.7.2\junit-jupiter-api-5.7.2.jar;C:\Users\OWNER\.m2\repository\org\opentest4j\opentest4j\1.2.0\opentest4j-1.2.0.jar;C:\Users\OWNER\.m2\repository\org\junit\platform\junit-platform-commons\1.7.2\junit-platform-commons-1.7.2.jar;C:\Users\OWNER\.m2\repository\io\github\bonigarcia\webdrivermanager\4.4.3\webdrivermanager-4.4.3.jar;C:\Users\OWNER\.m2\repository\org\slf4j\slf4j-api\1.7.30\slf4j-api-1.7.30.jar;C:\Users\OWNER\.m2\repository\commons-io\commons-io\2.8.0\commons-io-2.8.0.jar;C:\Users\OWNER\.m2\repository\com\google\code\gson\gson\2.8.6\gson-2.8.6.jar;C:\Users\OWNER\.m2\repository\org\apache\commons\commons-lang3\3.12.0\commons-lang3-3.12.0.jar;C:\Users\OWNER\.m2\repository\org\apache\httpcomponents\client5\httpclient5\5.0.3\httpclient5-5.0.3.jar;C:\Users\OWNER\.m2\repository\org\apache\httpcomponents\core5\httpcore5\5.0.2\httpcore5-5.0.2.jar;C:\Users\OWNER\.m2\repository\org\apache\httpcomponents\core5\httpcore5-h2\5.0.2\httpcore5-h2-5.0.2.jar;C:\Users\OWNER\.m2\repository\commons-codec\commons-codec\1.13\commons-codec-1.13.jar;C:\Users\OWNER\.m2\repository\org\rauschig\jarchivelib\1.1.0\jarchivelib-1.1.0.jar;C:\Users\OWNER\.m2\repository\org\apache\commons\commons-compress\1.20\commons-compress-1.20.jar;C:\Users\OWNER\.m2\repository\org\jsoup\jsoup\1.13.1\jsoup-1.13.1.jar;C:\Users\OWNER\.m2\repository\org\apache\logging\log4j\log4j-api\2.14.1\log4j-api-2.14.1.jar;C:\Users\OWNER\.m2\repository\org\apache\logging\log4j\log4j-core\2.14.1\log4j-core-2.14.1.jar;C:\Users\OWNER\.m2\repository\net\masterthought\cucumber-reporting\5.5.4\cucumber-reporting-5.5.4.jar;C:\Users\OWNER\.m2\repository\com\fasterxml\jackson\core\jackson-databind\2.12.1\jackson-databind-2.12.1.jar;C:\Users\OWNER\.m2\repository\com\fasterxml\jackson\core\jackson-annotations\2.12.1\jackson-annotations-2.12.1.jar;C:\Users\OWNER\.m2\repository\com\fasterxml\jackson\core\jackson-core\2.12.1\jackson-core-2.12.1.jar;C:\Users\OWNER\.m2\repository\com\fasterxml\jackson\datatype\jackson-datatype-jsr310\2.12.1\jackson-datatype-jsr310-2.12.1.jar;C:\Users\OWNER\.m2\repository\org\apache\velocity\velocity-engine-core\2.3\velocity-engine-core-2.3.jar;C:\Users\OWNER\.m2\repository\commons-collections\commons-collections\3.2.2\commons-collections-3.2.2.jar;C:\Users\OWNER\.m2\repository\joda-time\joda-time\2.10.10\joda-time-2.10.10.jar;C:\Users\OWNER\.m2\repository\org\codehaus\plexus\plexus-utils\3.3.0\plexus-utils-3.3.0.jar;C:\Users\OWNER\.m2\repository\com\googlecode\owasp-java-html-sanitizer\owasp-java-html-sanitizer\20200713.1\owasp-java-html-sanitizer-20200713.1.jar;C:\Users\OWNER\.m2\repository\commons-configuration\commons-configuration\1.10\commons-configuration-1.10.jar;C:\Users\OWNER\.m2\repository\commons-lang\commons-lang\2.6\commons-lang-2.6.jar;C:\Users\OWNER\.m2\repository\commons-logging\commons-logging\1.1.1\commons-logging-1.1.1.jar;"/>
    <property name="sun.cpu.endian" value="little"/>
    <property name="user.home" value="C:\Users\OWNER"/>
    <property name="user.language" value="en"/>
    <property name="java.specification.vendor" value="Oracle Corporation"/>
    <property name="java.version.date" value="2021-04-20"/>
    <property name="java.home" value="C:\Program Files\Java\jdk-11.0.11"/>
    <property name="file.separator" value="\"/>
    <property name="basedir" value="D:\Xfinity_Automation_Assignment"/>
    <property name="java.vm.compressedOopsMode" value="Zero based"/>
    <property name="line.separator" value="&#10;"/>
    <property name="java.specification.name" value="Java Platform API Specification"/>
    <property name="java.vm.specification.vendor" value="Oracle Corporation"/>
    <property name="java.awt.graphicsenv" value="sun.awt.Win32GraphicsEnvironment"/>
    <property name="surefire.real.class.path" value="C:\Users\OWNER\AppData\Local\Temp\surefire13374435520517917626\surefirebooter15661533905560889241.jar"/>
    <property name="user.script" value=""/>
    <property name="sun.management.compiler" value="HotSpot 64-Bit Tiered Compilers"/>
    <property name="java.runtime.version" value="11.0.11+9-LTS-194"/>
    <property name="user.name" value="OWNER"/>
    <property name="path.separator" value=";"/>
    <property name="os.version" value="10.0"/>
    <property name="java.runtime.name" value="Java(TM) SE Runtime Environment"/>
    <property name="file.encoding" value="Cp1252"/>
    <property name="java.vm.name" value="Java HotSpot(TM) 64-Bit Server VM"/>
    <property name="java.vendor.version" value="18.9"/>
    <property name="localRepository" value="C:\Users\OWNER\.m2\repository"/>
    <property name="java.vendor.url.bug" value="https://bugreport.java.com/bugreport/"/>
    <property name="java.io.tmpdir" value="C:\Users\OWNER\AppData\Local\Temp\"/>
    <property name="java.version" value="11.0.11"/>
    <property name="user.dir" value="D:\Xfinity_Automation_Assignment"/>
    <property name="os.arch" value="amd64"/>
    <property name="java.vm.specification.name" value="Java Virtual Machine Specification"/>
    <property name="java.awt.printerjob" value="sun.awt.windows.WPrinterJob"/>
    <property name="sun.os.patch.level" value=""/>
    <property name="java.library.path" value="C:\Program Files\Java\jdk-11.0.11\bin;C:\WINDOWS\Sun\Java\bin;C:\WINDOWS\system32;C:\WINDOWS;C:\Python39\Scripts\;C:\Python39\;C:\Program Files\Common Files\Oracle\Java\javapath;C:\Program Files (x86)\Intel\Intel(R) Management Engine Components\iCLS\;C:\Program Files\Intel\Intel(R) Management Engine Components\iCLS\;C:\Windows\system32;C:\Windows;C:\Windows\System32\Wbem;C:\Windows\System32\WindowsPowerShell\v1.0\;C:\Windows\System32\OpenSSH\;C:\Program Files (x86)\Intel\Intel(R) Management Engine Components\DAL;C:\Program Files\Intel\Intel(R) Management Engine Components\DAL;C:\Program Files (x86)\Intel\Intel(R) Management Engine Components\IPT;C:\Program Files\Intel\Intel(R) Management Engine Components\IPT;C:\Program Files (x86)\NVIDIA Corporation\PhysX\Common;C:\WINDOWS\system32;C:\WINDOWS;C:\WINDOWS\System32\Wbem;C:\WINDOWS\System32\WindowsPowerShell\v1.0\;C:\WINDOWS\System32\OpenSSH\;C:\Program Files\Intel\WiFi\bin\;C:\Program Files\Common Files\Intel\WirelessCommon\;C:\Program Files\Java\jdk-11.0.11\bin;C:\Program Files\apache-maven-3.8.1\bin;C:\Program Files\Git\cmd;C:\Program Files\PuTTY\;C:\Program Files\nodejs\;C:\ProgramData\chocolatey\bin;C:\Users\OWNER\AppData\Local\Android\Sdk\platform-tools;C:\Users\OWNER\AppData\Local\Android\Sdk\tools;C:\Users\OWNER\AppData\Local\Android\Sdk\tools\bin;C:\allure-2.14.0\bin;C:\Python37\Scripts\;C:\Python37\;C:\Users\OWNER\AppData\Local\Microsoft\WindowsApps;C:\Users\OWNER\AppData\Local\gitkraken\bin;C:\Users\OWNER\AppData\Roaming\npm;C:\Users\OWNER\AppData\Local\Programs\Microsoft VS Code\bin;."/>
    <property name="java.vendor" value="Oracle Corporation"/>
    <property name="java.vm.info" value="mixed mode"/>
    <property name="java.vm.version" value="11.0.11+9-LTS-194"/>
    <property name="sun.io.unicode.encoding" value="UnicodeLittle"/>
    <property name="java.class.version" value="55.0"/>
  </properties>
  <testcase name="User is shown the Sitemap and FindAStore option upon navigating to Sitemap link" classname="SiteMap and nearby stores scenarios" time="8.077">
    <system-out><![CDATA[
@Sitemap_visibility
Scenario: User is shown the Sitemap and FindAStore option upon navigating to Sitemap link &amp#27;[90m# src/test/resources/Features/SiteMap.feature:8&amp#27;[0m
00:47:35.893 [main] INFO  step_definitions.Hooks - Launch Chrome Browser
  &amp#27;[32mGiven &amp#27;[0m&amp#27;[32ma user is on the Home Page&amp#27;[0m                                                        &amp#27;[90m# step_definitions.InternetAndDealsSteps.aUserIsOnTheXfinityHomePage()&amp#27;[0m
  &amp#27;[32mWhen &amp#27;[0m&amp#27;[32mUser navigates to SiteMap&amp#27;[0m                                                          &amp#27;[90m# step_definitions.SiteMapSteps.userNavigatesToSiteMap()&amp#27;[0m
  &amp#27;[32mThen &amp#27;[0m&amp#27;[32mUser should see Site map and FindAStore option&amp#27;[0m                                     &amp#27;[90m# step_definitions.SiteMapSteps.userShouldSeeSiteMapAndFindAStoreOption()&amp#27;[0m
00:47:42.004 [main] INFO  step_definitions.Hooks - close Chrome Browser
]]></system-out>
    <system-err><![CDATA[SLF4J: Failed to load class "org.slf4j.impl.StaticLoggerBinder".
SLF4J: Defaulting to no-operation (NOP) logger implementation
SLF4J: See http://www.slf4j.org/codes.html#StaticLoggerBinder for further details.
Starting ChromeDriver 93.0.4577.63 (ff5c0da2ec0adeaed5550e6c7e98417dac77d98a-refs/branch-heads/4577@{#1135}) on port 37958
Only local connections are allowed.
Please see https://chromedriver.chromium.org/security-considerations for suggestions on keeping ChromeDriver safe.
ChromeDriver was started successfully.
Sep 19, 2021 12:47:35 AM org.openqa.selenium.remote.ProtocolHandshake createSession
INFO: Detected dialect: W3C
]]></system-err>
  </testcase>
  <testcase name="User is given nearby stores information upon entering location" classname="SiteMap and nearby stores scenarios" time="9.07">
    <system-out><![CDATA[
@Find_A_Store_near_location_dataTable
Scenario: User is given nearby stores information upon entering location &amp#27;[90m# src/test/resources/Features/SiteMap.feature:14&amp#27;[0m
00:47:43.092 [main] INFO  step_definitions.Hooks - Launch Chrome Browser
  &amp#27;[32mGiven &amp#27;[0m&amp#27;[32ma user is on the Home Page&amp#27;[0m                                       &amp#27;[90m# step_definitions.InternetAndDealsSteps.aUserIsOnTheXfinityHomePage()&amp#27;[0m
  &amp#27;[32mWhen &amp#27;[0m&amp#27;[32mUser navigates to SiteMap&amp#27;[0m                                         &amp#27;[90m# step_definitions.SiteMapSteps.userNavigatesToSiteMap()&amp#27;[0m
  &amp#27;[32mAnd &amp#27;[0m&amp#27;[32mNavigates to Find A Store tab&amp#27;[0m                                      &amp#27;[90m# step_definitions.SiteMapSteps.navigatesToFindAStoreTab()&amp#27;[0m
  &amp#27;[32mThen &amp#27;[0m&amp#27;[32mUser should see nearby store information upon entering location&amp#27;[0m   &amp#27;[90m# step_definitions.SiteMapSteps.userShouldSeeNearbyStoreInformationUponEnteringLocation(io.cucumber.datatable.DataTable)&amp#27;[0m
00:47:51.076 [main] INFO  step_definitions.Hooks - close Chrome Browser
]]></system-out>
    <system-err><![CDATA[Starting ChromeDriver 93.0.4577.63 (ff5c0da2ec0adeaed5550e6c7e98417dac77d98a-refs/branch-heads/4577@{#1135}) on port 24687
Only local connections are allowed.
Please see https://chromedriver.chromium.org/security-considerations for suggestions on keeping ChromeDriver safe.
ChromeDriver was started successfully.
Sep 19, 2021 12:47:43 AM org.openqa.selenium.remote.ProtocolHandshake createSession
INFO: Detected dialect: W3C
]]></system-err>
  </testcase>
  <testcase name="User is given nearby stores information upon entering location parameterized #1" classname="SiteMap and nearby stores scenarios" time="8.481">
    <system-out><![CDATA[
@Find_A_Store_near_location_parameterized
Scenario Outline: User is given nearby stores information upon entering location parameterized &amp#27;[90m# src/test/resources/Features/SiteMap.feature:30&amp#27;[0m
00:47:52.153 [main] INFO  step_definitions.Hooks - Launch Chrome Browser
  &amp#27;[32mGiven &amp#27;[0m&amp#27;[32ma user is on the Home Page&amp#27;[0m                                                             &amp#27;[90m# step_definitions.InternetAndDealsSteps.aUserIsOnTheXfinityHomePage()&amp#27;[0m
  &amp#27;[32mWhen &amp#27;[0m&amp#27;[32mUser navigates to SiteMap&amp#27;[0m                                                               &amp#27;[90m# step_definitions.SiteMapSteps.userNavigatesToSiteMap()&amp#27;[0m
  &amp#27;[32mAnd &amp#27;[0m&amp#27;[32mNavigates to Find A Store tab&amp#27;[0m                                                            &amp#27;[90m# step_definitions.SiteMapSteps.navigatesToFindAStoreTab()&amp#27;[0m
  &amp#27;[32mThen &amp#27;[0m&amp#27;[32mUser can use location "&amp#27;[0m&amp#27;[32m&amp#27;[1mSterling, VA&amp#27;[0m&amp#27;[32m" to find out nearby store "&amp#27;[0m&amp#27;[32m&amp#27;[1m20453 Exchange St&amp#27;[0m&amp#27;[32m"&amp#27;[0m       &amp#27;[90m# step_definitions.SiteMapSteps.user_can_use_location_to_find_out_nearby_store(java.lang.String,java.lang.String)&amp#27;[0m
00:47:59.558 [main] INFO  step_definitions.Hooks - close Chrome Browser
]]></system-out>
    <system-err><![CDATA[Starting ChromeDriver 93.0.4577.63 (ff5c0da2ec0adeaed5550e6c7e98417dac77d98a-refs/branch-heads/4577@{#1135}) on port 24874
Only local connections are allowed.
Please see https://chromedriver.chromium.org/security-considerations for suggestions on keeping ChromeDriver safe.
ChromeDriver was started successfully.
Sep 19, 2021 12:47:52 AM org.openqa.selenium.remote.ProtocolHandshake createSession
INFO: Detected dialect: W3C
]]></system-err>
  </testcase>
  <testcase name="User is given nearby stores information upon entering location parameterized #2" classname="SiteMap and nearby stores scenarios" time="10.02">
    <system-out><![CDATA[
@Find_A_Store_near_location_parameterized
Scenario Outline: User is given nearby stores information upon entering location parameterized &amp#27;[90m# src/test/resources/Features/SiteMap.feature:31&amp#27;[0m
00:48:00.655 [main] INFO  step_definitions.Hooks - Launch Chrome Browser
  &amp#27;[32mGiven &amp#27;[0m&amp#27;[32ma user is on the Home Page&amp#27;[0m                                                             &amp#27;[90m# step_definitions.InternetAndDealsSteps.aUserIsOnTheXfinityHomePage()&amp#27;[0m
  &amp#27;[32mWhen &amp#27;[0m&amp#27;[32mUser navigates to SiteMap&amp#27;[0m                                                               &amp#27;[90m# step_definitions.SiteMapSteps.userNavigatesToSiteMap()&amp#27;[0m
  &amp#27;[32mAnd &amp#27;[0m&amp#27;[32mNavigates to Find A Store tab&amp#27;[0m                                                            &amp#27;[90m# step_definitions.SiteMapSteps.navigatesToFindAStoreTab()&amp#27;[0m
  &amp#27;[32mThen &amp#27;[0m&amp#27;[32mUser can use location "&amp#27;[0m&amp#27;[32m&amp#27;[1mFrederick, MD&amp#27;[0m&amp#27;[32m" to find out nearby store "&amp#27;[0m&amp#27;[32m&amp#27;[1m1700 Kingfisher Drive&amp#27;[0m&amp#27;[32m"&amp#27;[0m  &amp#27;[90m# step_definitions.SiteMapSteps.user_can_use_location_to_find_out_nearby_store(java.lang.String,java.lang.String)&amp#27;[0m
00:48:09.577 [main] INFO  step_definitions.Hooks - close Chrome Browser
]]></system-out>
    <system-err><![CDATA[Starting ChromeDriver 93.0.4577.63 (ff5c0da2ec0adeaed5550e6c7e98417dac77d98a-refs/branch-heads/4577@{#1135}) on port 29746
Only local connections are allowed.
Please see https://chromedriver.chromium.org/security-considerations for suggestions on keeping ChromeDriver safe.
ChromeDriver was started successfully.
Sep 19, 2021 12:48:00 AM org.openqa.selenium.remote.ProtocolHandshake createSession
INFO: Detected dialect: W3C
]]></system-err>
  </testcase>
  <testcase name="User is shown recommended internet speed upon selecting device and usage options" classname="xfinity internet speed and deals Scenarios" time="8.63">
    <system-out><![CDATA[
@internet_speed_options
Scenario: User is shown recommended internet speed upon selecting device and usage options &amp#27;[90m# src/test/resources/Features/internetDeals.feature:8&amp#27;[0m
00:48:10.668 [main] INFO  step_definitions.Hooks - Launch Chrome Browser
  &amp#27;[32mGiven &amp#27;[0m&amp#27;[32ma user is on the Home Page&amp#27;[0m                                                         &amp#27;[90m# step_definitions.InternetAndDealsSteps.aUserIsOnTheXfinityHomePage()&amp#27;[0m
  &amp#27;[32mWhen &amp#27;[0m&amp#27;[32mUser navigates to internet page&amp#27;[0m                                                     &amp#27;[90m# step_definitions.InternetAndDealsSteps.userNavigatesToInternetPage()&amp#27;[0m
  &amp#27;[32mAnd &amp#27;[0m&amp#27;[32mSelects the device and usage options&amp#27;[0m                                                 &amp#27;[90m# step_definitions.InternetAndDealsSteps.selectsTheDeviceAndUsageOptions()&amp#27;[0m
  &amp#27;[32mThen &amp#27;[0m&amp#27;[32mUser should see recommended internet speed&amp#27;[0m                                          &amp#27;[90m# step_definitions.InternetAndDealsSteps.userShouldSeeRecommendedInternetSpeed()&amp#27;[0m
00:48:18.209 [main] INFO  step_definitions.Hooks - close Chrome Browser
]]></system-out>
    <system-err><![CDATA[Starting ChromeDriver 93.0.4577.63 (ff5c0da2ec0adeaed5550e6c7e98417dac77d98a-refs/branch-heads/4577@{#1135}) on port 4417
Only local connections are allowed.
Please see https://chromedriver.chromium.org/security-considerations for suggestions on keeping ChromeDriver safe.
ChromeDriver was started successfully.
Sep 19, 2021 12:48:10 AM org.openqa.selenium.remote.ProtocolHandshake createSession
INFO: Detected dialect: W3C
]]></system-err>
  </testcase>
  <testcase name="user can compare internet deals for specified location" classname="xfinity internet speed and deals Scenarios" time="9.851">
    <system-out><![CDATA[
@internet_deals_options
Scenario: user can compare internet deals for specified location &amp#27;[90m# src/test/resources/Features/internetDeals.feature:15&amp#27;[0m
00:48:19.294 [main] INFO  step_definitions.Hooks - Launch Chrome Browser
  &amp#27;[32mGiven &amp#27;[0m&amp#27;[32ma user is on the Home Page&amp#27;[0m                               &amp#27;[90m# step_definitions.InternetAndDealsSteps.aUserIsOnTheXfinityHomePage()&amp#27;[0m
  &amp#27;[32mWhen &amp#27;[0m&amp#27;[32mUser navigates to all deals page&amp#27;[0m                          &amp#27;[90m# step_definitions.InternetAndDealsSteps.userNavigatesToAllDealsPage()&amp#27;[0m
  &amp#27;[32mAnd &amp#27;[0m&amp#27;[32mProvides location and selects two deals&amp#27;[0m                    &amp#27;[90m# step_definitions.InternetAndDealsSteps.providesLocationAndSelectsTwoDeals(io.cucumber.datatable.DataTable)&amp#27;[0m
  &amp#27;[32mThen &amp#27;[0m&amp#27;[32mUser can compare deals&amp#27;[0m                                    &amp#27;[90m# step_definitions.InternetAndDealsSteps.userCanCompareDeals()&amp#27;[0m
00:48:28.059 [main] INFO  step_definitions.Hooks - close Chrome Browser
]]></system-out>
    <system-err><![CDATA[Starting ChromeDriver 93.0.4577.63 (ff5c0da2ec0adeaed5550e6c7e98417dac77d98a-refs/branch-heads/4577@{#1135}) on port 25907
Only local connections are allowed.
Please see https://chromedriver.chromium.org/security-considerations for suggestions on keeping ChromeDriver safe.
ChromeDriver was started successfully.
Sep 19, 2021 12:48:19 AM org.openqa.selenium.remote.ProtocolHandshake createSession
INFO: Detected dialect: W3C
]]></system-err>
  </testcase>
  <testcase name="Login is unsuccessful with invalid credentials" classname="Login Scenarios" time="6.271">
    <system-out><![CDATA[
@login_negative_test_with_invalid_credentials
Scenario Outline: Login is unsuccessful with invalid credentials                 &amp#27;[90m# src/test/resources/Features/login.feature:15&amp#27;[0m
00:48:29.155 [main] INFO  step_definitions.Hooks - Launch Chrome Browser
  &amp#27;[32mGiven &amp#27;[0m&amp#27;[32ma user is on the Home Page&amp#27;[0m                                               &amp#27;[90m# step_definitions.InternetAndDealsSteps.aUserIsOnTheXfinityHomePage()&amp#27;[0m
  &amp#27;[32mWhen &amp#27;[0m&amp#27;[32mUser navigates to login page and enters username "&amp#27;[0m&amp#27;[32m&amp#27;[1mme&amp#27;[0m&amp#27;[32m" and password "&amp#27;[0m&amp#27;[32m&amp#27;[1m1234&amp#27;[0m&amp#27;[32m"&amp#27;[0m &amp#27;[90m# step_definitions.LoginSteps.useEntersUsernameAndPassword(java.lang.String,java.lang.String)&amp#27;[0m
  &amp#27;[32mAnd &amp#27;[0m&amp#27;[32mClick on the Sign In button&amp#27;[0m                                                &amp#27;[90m# step_definitions.LoginSteps.clickOnTheSignInButton()&amp#27;[0m
  &amp#27;[32mThen &amp#27;[0m&amp#27;[32mUser should get an error message&amp#27;[0m                                          &amp#27;[90m# step_definitions.LoginSteps.userShouldGetAndErrorMessage()&amp#27;[0m
00:48:34.330 [main] INFO  step_definitions.Hooks - close Chrome Browser
]]></system-out>
    <system-err><![CDATA[Starting ChromeDriver 93.0.4577.63 (ff5c0da2ec0adeaed5550e6c7e98417dac77d98a-refs/branch-heads/4577@{#1135}) on port 9109
Only local connections are allowed.
Please see https://chromedriver.chromium.org/security-considerations for suggestions on keeping ChromeDriver safe.
ChromeDriver was started successfully.
Sep 19, 2021 12:48:29 AM org.openqa.selenium.remote.ProtocolHandshake createSession
INFO: Detected dialect: W3C
]]></system-err>
  </testcase>
  <testcase name="Login is unsuccessful with invalid user and blank password" classname="Login Scenarios" time="5.878">
    <system-out><![CDATA[
@login_negative_test_with_username
Scenario: Login is unsuccessful with invalid user and blank password &amp#27;[90m# src/test/resources/Features/login.feature:18&amp#27;[0m
00:48:35.400 [main] INFO  step_definitions.Hooks - Launch Chrome Browser
  &amp#27;[32mGiven &amp#27;[0m&amp#27;[32ma user is on the Home Page&amp#27;[0m                                   &amp#27;[90m# step_definitions.InternetAndDealsSteps.aUserIsOnTheXfinityHomePage()&amp#27;[0m
  &amp#27;[32mWhen &amp#27;[0m&amp#27;[32mUser navigates to login page and enters username "&amp#27;[0m&amp#27;[32m&amp#27;[1mthey&amp#27;[0m&amp#27;[32m" only&amp#27;[0m  &amp#27;[90m# step_definitions.LoginSteps.userEntersUsernameOnly(java.lang.String)&amp#27;[0m
  &amp#27;[32mAnd &amp#27;[0m&amp#27;[32mClick on the Sign In button&amp#27;[0m                                    &amp#27;[90m# step_definitions.LoginSteps.clickOnTheSignInButton()&amp#27;[0m
  &amp#27;[32mThen &amp#27;[0m&amp#27;[32mUser is shown password field error and failed to login&amp#27;[0m        &amp#27;[90m# step_definitions.LoginSteps.userIsShownPasswordFieldErrorAndFailedToLogin()&amp#27;[0m
00:48:40.208 [main] INFO  step_definitions.Hooks - close Chrome Browser
]]></system-out>
    <system-err><![CDATA[Starting ChromeDriver 93.0.4577.63 (ff5c0da2ec0adeaed5550e6c7e98417dac77d98a-refs/branch-heads/4577@{#1135}) on port 18285
Only local connections are allowed.
Please see https://chromedriver.chromium.org/security-considerations for suggestions on keeping ChromeDriver safe.
ChromeDriver was started successfully.
Sep 19, 2021 12:48:35 AM org.openqa.selenium.remote.ProtocolHandshake createSession
INFO: Detected dialect: W3C
]]></system-err>
  </testcase>
  <testcase name="Login is unsuccessful with blank user and invalid password" classname="Login Scenarios" time="6.338">
    <system-out><![CDATA[
@login_negative_test_with_password
Scenario: Login is unsuccessful with blank user and invalid password &amp#27;[90m# src/test/resources/Features/login.feature:24&amp#27;[0m
00:48:41.299 [main] INFO  step_definitions.Hooks - Launch Chrome Browser
  &amp#27;[32mGiven &amp#27;[0m&amp#27;[32ma user is on the Home Page&amp#27;[0m                                   &amp#27;[90m# step_definitions.InternetAndDealsSteps.aUserIsOnTheXfinityHomePage()&amp#27;[0m
  &amp#27;[32mWhen &amp#27;[0m&amp#27;[32mUser navigates to login page and enters password "&amp#27;[0m&amp#27;[32m&amp#27;[1mthey&amp#27;[0m&amp#27;[32m" only&amp#27;[0m  &amp#27;[90m# step_definitions.LoginSteps.user_navigates_to_login_page_and_enters_password_only(java.lang.String)&amp#27;[0m
  &amp#27;[32mAnd &amp#27;[0m&amp#27;[32mClick on the Sign In button&amp#27;[0m                                    &amp#27;[90m# step_definitions.LoginSteps.clickOnTheSignInButton()&amp#27;[0m
  &amp#27;[32mThen &amp#27;[0m&amp#27;[32mUser is shown user field error and failed to login&amp#27;[0m            &amp#27;[90m# step_definitions.LoginSteps.user_is_shown_user_field_error_and_failed_to_login()&amp#27;[0m
00:48:46.547 [main] INFO  step_definitions.Hooks - close Chrome Browser
]]></system-out>
    <system-err><![CDATA[Starting ChromeDriver 93.0.4577.63 (ff5c0da2ec0adeaed5550e6c7e98417dac77d98a-refs/branch-heads/4577@{#1135}) on port 20255
Only local connections are allowed.
Please see https://chromedriver.chromium.org/security-considerations for suggestions on keeping ChromeDriver safe.
ChromeDriver was started successfully.
Sep 19, 2021 12:48:41 AM org.openqa.selenium.remote.ProtocolHandshake createSession
INFO: Detected dialect: W3C
]]></system-err>
  </testcase>
  <testcase name="Login is unsuccessful with blank user and blank password" classname="Login Scenarios" time="5.412">
    <system-out><![CDATA[
@login_negative_test_with_blank_username_and_blank_password
Scenario: Login is unsuccessful with blank user and blank password                 &amp#27;[90m# src/test/resources/Features/login.feature:30&amp#27;[0m
00:48:47.637 [main] INFO  step_definitions.Hooks - Launch Chrome Browser
  &amp#27;[32mGiven &amp#27;[0m&amp#27;[32ma user is on the Home Page&amp#27;[0m                                                 &amp#27;[90m# step_definitions.InternetAndDealsSteps.aUserIsOnTheXfinityHomePage()&amp#27;[0m
  &amp#27;[32mWhen &amp#27;[0m&amp#27;[32mUser navigates to login page&amp#27;[0m                                                &amp#27;[90m# step_definitions.LoginSteps.user_navigates_to_login_page()&amp#27;[0m
  &amp#27;[32mAnd &amp#27;[0m&amp#27;[32mClick on the Sign In button&amp#27;[0m                                                  &amp#27;[90m# step_definitions.LoginSteps.clickOnTheSignInButton()&amp#27;[0m
  &amp#27;[32mThen &amp#27;[0m&amp#27;[32mUser is shown user field error and password field error and failed to login&amp#27;[0m &amp#27;[90m# step_definitions.LoginSteps.user_is_shown_user_field_error_and_password_field_error_and_failed_to_login()&amp#27;[0m
00:48:51.960 [main] INFO  step_definitions.Hooks - close Chrome Browser
]]></system-out>
    <system-err><![CDATA[Starting ChromeDriver 93.0.4577.63 (ff5c0da2ec0adeaed5550e6c7e98417dac77d98a-refs/branch-heads/4577@{#1135}) on port 44297
Only local connections are allowed.
Please see https://chromedriver.chromium.org/security-considerations for suggestions on keeping ChromeDriver safe.
ChromeDriver was started successfully.
Sep 19, 2021 12:48:47 AM org.openqa.selenium.remote.ProtocolHandshake createSession
INFO: Detected dialect: W3C
]]></system-err>
  </testcase>
</testsuite>